# JRE version: OpenJDK Runtime Environment JBR-21.0.3+13-453.2-jcef (21.0.3+13) (build 21.0.3+13-b453.2)
# Java VM: OpenJDK 64-Bit Server VM JBR-21.0.3+13-453.2-jcef (21.0.3+13-b453.2, mixed mode, sharing, tiered, compressed oops, compressed class ptrs, g1 gc, linux-amd64)
GC Precious Log:
 CardTable entry size: 512
 Card Set container configuration: InlinePtr #cards 4 size 8 Array Of Cards #cards 16 size 48 Howl #buckets 8 coarsen threshold 3686 Howl Bitmap #cards 512 size 80 coarsen threshold 460 Card regions per heap region 1 cards per card region 4096
 CPUs: 16 total, 16 available
 Memory: 13824M
 Large Page Support: Disabled
 NUMA Support: Disabled
 Compressed Oops: Enabled (Zero based)
 Heap Region Size: 2M
 Heap Min Capacity: 8M
 Heap Initial Capacity: 218M
 Heap Max Capacity: 3458M
 Pre-touch: Disabled
 Parallel Workers: 13
 Concurrent Workers: 3
 Concurrent Refinement Workers: 13
 Periodic GC: Disabled
Heap:
 garbage-first heap   total 190464K, used 105538K [0x0000000727e00000, 0x0000000800000000)
  region size 2048K, 15 young (30720K), 5 survivors (10240K)
 Metaspace       used 131277K, committed 132416K, reserved 1179648K
  class space    used 16998K, committed 17536K, reserved 1048576K
GC Heap History (20 events):
Event: 266,940 GC heap before
{Heap before GC invocations=42 (full 0):
 garbage-first heap   total 147456K, used 133305K [0x0000000727e00000, 0x0000000800000000)
  region size 2048K, 31 young (63488K), 3 survivors (6144K)
 Metaspace       used 125726K, committed 126784K, reserved 1179648K
  class space    used 16620K, committed 17088K, reserved 1048576K
}
Event: 266,945 GC heap after
{Heap after GC invocations=43 (full 0):
 garbage-first heap   total 147456K, used 79915K [0x0000000727e00000, 0x0000000800000000)
  region size 2048K, 3 young (6144K), 3 survivors (6144K)
 Metaspace       used 125726K, committed 126784K, reserved 1179648K
  class space    used 16620K, committed 17088K, reserved 1048576K
}
Event: 567,940 GC heap before
{Heap before GC invocations=43 (full 0):
 garbage-first heap   total 147456K, used 114731K [0x0000000727e00000, 0x0000000800000000)
  region size 2048K, 21 young (43008K), 3 survivors (6144K)
 Metaspace       used 126168K, committed 127232K, reserved 1179648K
  class space    used 16688K, committed 17152K, reserved 1048576K
}
Event: 568,017 GC heap after
{Heap after GC invocations=44 (full 1):
 garbage-first heap   total 147456K, used 64867K [0x0000000727e00000, 0x0000000800000000)
  region size 2048K, 0 young (0K), 0 survivors (0K)
 Metaspace       used 126090K, committed 127232K, reserved 1179648K
  class space    used 16668K, committed 17152K, reserved 1048576K
}
Event: 568,642 GC heap before
{Heap before GC invocations=44 (full 1):
 garbage-first heap   total 147456K, used 128355K [0x0000000727e00000, 0x0000000800000000)
  region size 2048K, 32 young (65536K), 0 survivors (0K)
 Metaspace       used 126802K, committed 127808K, reserved 1179648K
  class space    used 16753K, committed 17216K, reserved 1048576K
}
Event: 568,645 GC heap after
{Heap after GC invocations=45 (full 1):
 garbage-first heap   total 147456K, used 70388K [0x0000000727e00000, 0x0000000800000000)
  region size 2048K, 3 young (6144K), 3 survivors (6144K)
 Metaspace       used 126802K, committed 127808K, reserved 1179648K
  class space    used 16753K, committed 17216K, reserved 1048576K
}
Event: 569,014 GC heap before
{Heap before GC invocations=45 (full 1):
 garbage-first heap   total 147456K, used 123636K [0x0000000727e00000, 0x0000000800000000)
  region size 2048K, 29 young (59392K), 3 survivors (6144K)
 Metaspace       used 127003K, committed 128064K, reserved 1179648K
  class space    used 16767K, committed 17216K, reserved 1048576K
}
Event: 569,017 GC heap after
{Heap after GC invocations=46 (full 1):
 garbage-first heap   total 147456K, used 72392K [0x0000000727e00000, 0x0000000800000000)
  region size 2048K, 2 young (4096K), 2 survivors (4096K)
 Metaspace       used 127003K, committed 128064K, reserved 1179648K
  class space    used 16767K, committed 17216K, reserved 1048576K
}
Event: 569,700 GC heap before
{Heap before GC invocations=46 (full 1):
 garbage-first heap   total 147456K, used 123592K [0x0000000727e00000, 0x0000000800000000)
  region size 2048K, 27 young (55296K), 2 survivors (4096K)
 Metaspace       used 127869K, committed 128896K, reserved 1179648K
  class space    used 16805K, committed 17280K, reserved 1048576K
}
Event: 569,704 GC heap after
{Heap after GC invocations=47 (full 1):
 garbage-first heap   total 147456K, used 75602K [0x0000000727e00000, 0x0000000800000000)
  region size 2048K, 3 young (6144K), 3 survivors (6144K)
 Metaspace       used 127869K, committed 128896K, reserved 1179648K
  class space    used 16805K, committed 17280K, reserved 1048576K
}
Event: 570,027 GC heap before
{Heap before GC invocations=48 (full 1):
 garbage-first heap   total 151552K, used 122706K [0x0000000727e00000, 0x0000000800000000)
  region size 2048K, 26 young (53248K), 3 survivors (6144K)
 Metaspace       used 128317K, committed 129344K, reserved 1179648K
  class space    used 16842K, committed 17344K, reserved 1048576K
}
Event: 570,030 GC heap after
{Heap after GC invocations=49 (full 1):
 garbage-first heap   total 151552K, used 77977K [0x0000000727e00000, 0x0000000800000000)
  region size 2048K, 4 young (8192K), 4 survivors (8192K)
 Metaspace       used 128317K, committed 129344K, reserved 1179648K
  class space    used 16842K, committed 17344K, reserved 1048576K
}
Event: 570,451 GC heap before
{Heap before GC invocations=49 (full 1):
 garbage-first heap   total 151552K, used 123033K [0x0000000727e00000, 0x0000000800000000)
  region size 2048K, 26 young (53248K), 4 survivors (8192K)
 Metaspace       used 129272K, committed 130368K, reserved 1179648K
  class space    used 16899K, committed 17408K, reserved 1048576K
}
Event: 570,456 GC heap after
{Heap after GC invocations=50 (full 1):
 garbage-first heap   total 151552K, used 80370K [0x0000000727e00000, 0x0000000800000000)
  region size 2048K, 3 young (6144K), 3 survivors (6144K)
 Metaspace       used 129272K, committed 130368K, reserved 1179648K
  class space    used 16899K, committed 17408K, reserved 1048576K
}
Event: 570,834 GC heap before
{Heap before GC invocations=50 (full 1):
 garbage-first heap   total 151552K, used 127474K [0x0000000727e00000, 0x0000000800000000)
  region size 2048K, 26 young (53248K), 3 survivors (6144K)
 Metaspace       used 129786K, committed 130880K, reserved 1179648K
  class space    used 16946K, committed 17472K, reserved 1048576K
}
Event: 570,837 GC heap after
{Heap after GC invocations=51 (full 1):
 garbage-first heap   total 151552K, used 81952K [0x0000000727e00000, 0x0000000800000000)
  region size 2048K, 2 young (4096K), 2 survivors (4096K)
 Metaspace       used 129786K, committed 130880K, reserved 1179648K
  class space    used 16946K, committed 17472K, reserved 1048576K
}
Event: 571,108 GC heap before
{Heap before GC invocations=52 (full 1):
 garbage-first heap   total 157696K, used 131104K [0x0000000727e00000, 0x0000000800000000)
  region size 2048K, 26 young (53248K), 2 survivors (4096K)
 Metaspace       used 129796K, committed 130880K, reserved 1179648K
  class space    used 16947K, committed 17472K, reserved 1048576K
}
Event: 571,112 GC heap after
{Heap after GC invocations=53 (full 1):
 garbage-first heap   total 190464K, used 83204K [0x0000000727e00000, 0x0000000800000000)
  region size 2048K, 3 young (6144K), 3 survivors (6144K)
 Metaspace       used 129796K, committed 130880K, reserved 1179648K
  class space    used 16947K, committed 17472K, reserved 1048576K
}
Event: 625,133 GC heap before
{Heap before GC invocations=53 (full 1):
 garbage-first heap   total 190464K, used 163076K [0x0000000727e00000, 0x0000000800000000)
  region size 2048K, 43 young (88064K), 3 survivors (6144K)
 Metaspace       used 131009K, committed 132096K, reserved 1179648K
  class space    used 16979K, committed 17472K, reserved 1048576K
}
Event: 625,138 GC heap after
{Heap after GC invocations=54 (full 1):
 garbage-first heap   total 190464K, used 87106K [0x0000000727e00000, 0x0000000800000000)
  region size 2048K, 5 young (10240K), 5 survivors (10240K)
 Metaspace       used 131009K, committed 132096K, reserved 1179648K
  class space    used 16979K, committed 17472K, reserved 1048576K
}

