# JRE version: OpenJDK Runtime Environment JBR-21.0.3+13-453.2-jcef (21.0.3+13) (build 21.0.3+13-b453.2)
# Java VM: OpenJDK 64-Bit Server VM JBR-21.0.3+13-453.2-jcef (21.0.3+13-b453.2, mixed mode, sharing, tiered, compressed oops, compressed class ptrs, g1 gc, linux-amd64)
GC Precious Log:
 CardTable entry size: 512
 Card Set container configuration: InlinePtr #cards 4 size 8 Array Of Cards #cards 16 size 48 Howl #buckets 8 coarsen threshold 3686 Howl Bitmap #cards 512 size 80 coarsen threshold 460 Card regions per heap region 1 cards per card region 4096
 CPUs: 16 total, 16 available
 Memory: 13824M
 Large Page Support: Disabled
 NUMA Support: Disabled
 Compressed Oops: Enabled (Zero based)
 Heap Region Size: 2M
 Heap Min Capacity: 8M
 Heap Initial Capacity: 218M
 Heap Max Capacity: 3458M
 Pre-touch: Disabled
 Parallel Workers: 13
 Concurrent Workers: 3
 Concurrent Refinement Workers: 13
 Periodic GC: Disabled
Heap:
 garbage-first heap   total 196608K, used 152880K [0x0000000727e00000, 0x0000000800000000)
  region size 2048K, 38 young (77824K), 3 survivors (6144K)
 Metaspace       used 131783K, committed 132864K, reserved 1179648K
  class space    used 17008K, committed 17536K, reserved 1048576K
GC Heap History (20 events):
Event: 208,396 GC heap before
{Heap before GC invocations=36 (full 0):
 garbage-first heap   total 151552K, used 133065K [0x0000000727e00000, 0x0000000800000000)
  region size 2048K, 36 young (73728K), 3 survivors (6144K)
 Metaspace       used 119625K, committed 120704K, reserved 1179648K
  class space    used 15830K, committed 16320K, reserved 1048576K
}
Event: 208,404 GC heap after
{Heap after GC invocations=37 (full 0):
 garbage-first heap   total 151552K, used 69612K [0x0000000727e00000, 0x0000000800000000)
  region size 2048K, 3 young (6144K), 3 survivors (6144K)
 Metaspace       used 119625K, committed 120704K, reserved 1179648K
  class space    used 15830K, committed 16320K, reserved 1048576K
}
Event: 208,795 GC heap before
{Heap before GC invocations=37 (full 0):
 garbage-first heap   total 151552K, used 118764K [0x0000000727e00000, 0x0000000800000000)
  region size 2048K, 29 young (59392K), 3 survivors (6144K)
 Metaspace       used 125306K, committed 126400K, reserved 1179648K
  class space    used 16447K, committed 16960K, reserved 1048576K
}
Event: 208,804 GC heap after
{Heap after GC invocations=38 (full 0):
 garbage-first heap   total 151552K, used 73198K [0x0000000727e00000, 0x0000000800000000)
  region size 2048K, 4 young (8192K), 4 survivors (8192K)
 Metaspace       used 125306K, committed 126400K, reserved 1179648K
  class space    used 16447K, committed 16960K, reserved 1048576K
}
Event: 237,914 GC heap before
{Heap before GC invocations=39 (full 0):
 garbage-first heap   total 151552K, used 103918K [0x0000000727e00000, 0x0000000800000000)
  region size 2048K, 18 young (36864K), 4 survivors (8192K)
 Metaspace       used 127306K, committed 128384K, reserved 1179648K
  class space    used 16708K, committed 17216K, reserved 1048576K
}
Event: 237,998 GC heap after
{Heap after GC invocations=40 (full 1):
 garbage-first heap   total 151552K, used 65693K [0x0000000727e00000, 0x0000000800000000)
  region size 2048K, 0 young (0K), 0 survivors (0K)
 Metaspace       used 127252K, committed 128384K, reserved 1179648K
  class space    used 16695K, committed 17216K, reserved 1048576K
}
Event: 238,685 GC heap before
{Heap before GC invocations=40 (full 1):
 garbage-first heap   total 151552K, used 133277K [0x0000000727e00000, 0x0000000800000000)
  region size 2048K, 33 young (67584K), 0 survivors (0K)
 Metaspace       used 127990K, committed 129088K, reserved 1179648K
  class space    used 16778K, committed 17280K, reserved 1048576K
}
Event: 238,689 GC heap after
{Heap after GC invocations=41 (full 1):
 garbage-first heap   total 151552K, used 71507K [0x0000000727e00000, 0x0000000800000000)
  region size 2048K, 3 young (6144K), 3 survivors (6144K)
 Metaspace       used 127990K, committed 129088K, reserved 1179648K
  class space    used 16778K, committed 17280K, reserved 1048576K
}
Event: 239,103 GC heap before
{Heap before GC invocations=42 (full 1):
 garbage-first heap   total 151552K, used 124755K [0x0000000727e00000, 0x0000000800000000)
  region size 2048K, 30 young (61440K), 3 survivors (6144K)
 Metaspace       used 128172K, committed 129216K, reserved 1179648K
  class space    used 16790K, committed 17280K, reserved 1048576K
}
Event: 239,107 GC heap after
{Heap after GC invocations=43 (full 1):
 garbage-first heap   total 151552K, used 73307K [0x0000000727e00000, 0x0000000800000000)
  region size 2048K, 2 young (4096K), 2 survivors (4096K)
 Metaspace       used 128172K, committed 129216K, reserved 1179648K
  class space    used 16790K, committed 17280K, reserved 1048576K
}
Event: 239,730 GC heap before
{Heap before GC invocations=43 (full 1):
 garbage-first heap   total 151552K, used 126555K [0x0000000727e00000, 0x0000000800000000)
  region size 2048K, 28 young (57344K), 2 survivors (4096K)
 Metaspace       used 128952K, committed 129984K, reserved 1179648K
  class space    used 16831K, committed 17344K, reserved 1048576K
}
Event: 239,733 GC heap after
{Heap after GC invocations=44 (full 1):
 garbage-first heap   total 151552K, used 78146K [0x0000000727e00000, 0x0000000800000000)
  region size 2048K, 4 young (8192K), 4 survivors (8192K)
 Metaspace       used 128952K, committed 129984K, reserved 1179648K
  class space    used 16831K, committed 17344K, reserved 1048576K
}
Event: 240,039 GC heap before
{Heap before GC invocations=44 (full 1):
 garbage-first heap   total 151552K, used 125250K [0x0000000727e00000, 0x0000000800000000)
  region size 2048K, 27 young (55296K), 4 survivors (8192K)
 Metaspace       used 129501K, committed 130624K, reserved 1179648K
  class space    used 16876K, committed 17408K, reserved 1048576K
}
Event: 240,042 GC heap after
{Heap after GC invocations=45 (full 1):
 garbage-first heap   total 151552K, used 80056K [0x0000000727e00000, 0x0000000800000000)
  region size 2048K, 2 young (4096K), 2 survivors (4096K)
 Metaspace       used 129501K, committed 130624K, reserved 1179648K
  class space    used 16876K, committed 17408K, reserved 1048576K
}
Event: 240,457 GC heap before
{Heap before GC invocations=45 (full 1):
 garbage-first heap   total 151552K, used 129208K [0x0000000727e00000, 0x0000000800000000)
  region size 2048K, 26 young (53248K), 2 survivors (4096K)
 Metaspace       used 130595K, committed 131776K, reserved 1179648K
  class space    used 16950K, committed 17536K, reserved 1048576K
}
Event: 240,460 GC heap after
{Heap after GC invocations=46 (full 1):
 garbage-first heap   total 151552K, used 81879K [0x0000000727e00000, 0x0000000800000000)
  region size 2048K, 3 young (6144K), 3 survivors (6144K)
 Metaspace       used 130595K, committed 131776K, reserved 1179648K
  class space    used 16950K, committed 17536K, reserved 1048576K
}
Event: 240,670 GC heap before
{Heap before GC invocations=47 (full 1):
 garbage-first heap   total 163840K, used 128983K [0x0000000727e00000, 0x0000000800000000)
  region size 2048K, 26 young (53248K), 3 survivors (6144K)
 Metaspace       used 130835K, committed 131968K, reserved 1179648K
  class space    used 16971K, committed 17536K, reserved 1048576K
}
Event: 240,672 GC heap after
{Heap after GC invocations=48 (full 1):
 garbage-first heap   total 163840K, used 83554K [0x0000000727e00000, 0x0000000800000000)
  region size 2048K, 3 young (6144K), 3 survivors (6144K)
 Metaspace       used 130835K, committed 131968K, reserved 1179648K
  class space    used 16971K, committed 17536K, reserved 1048576K
}
Event: 240,837 GC heap before
{Heap before GC invocations=48 (full 1):
 garbage-first heap   total 163840K, used 142946K [0x0000000727e00000, 0x0000000800000000)
  region size 2048K, 32 young (65536K), 3 survivors (6144K)
 Metaspace       used 130847K, committed 131968K, reserved 1179648K
  class space    used 16972K, committed 17536K, reserved 1048576K
}
Event: 240,840 GC heap after
{Heap after GC invocations=49 (full 1):
 garbage-first heap   total 196608K, used 85296K [0x0000000727e00000, 0x0000000800000000)
  region size 2048K, 3 young (6144K), 3 survivors (6144K)
 Metaspace       used 130847K, committed 131968K, reserved 1179648K
  class space    used 16972K, committed 17536K, reserved 1048576K
}

